"../../../Engine/Content/EngineMeshes/Humanoid.uasset" 0
"../../../../../UnrealProjects/BlueprintMultiplayer/Content/PMs/Character/CompleteCharacters/SK_Mannequin_Skeleton.uasset" 1
"../../../../../UnrealProjects/BlueprintMultiplayer/Content/PMs/Animations/ThirdPerson_Jump.uasset" 2
"../../../../../UnrealProjects/BlueprintMultiplayer/Content/PMs/Animations/ThirdPersonJump_Loop.uasset" 3
"../../../../../UnrealProjects/BlueprintMultiplayer/Content/PMs/Animations/ThirdPersonJump_Start.uasset" 4
"../../../../../UnrealProjects/BlueprintMultiplayer/Content/PMs/Animations/ThirdPersonIdle.uasset" 5
"../../../../../UnrealProjects/BlueprintMultiplayer/Content/PMs/Animations/ThirdPersonRun.uasset" 6
"../../../../../UnrealProjects/BlueprintMultiplayer/Content/PMs/Animations/ThirdPersonWalk.uasset" 7
"../../../../../UnrealProjects/BlueprintMultiplayer/Content/PMs/Animations/ThirdPerson_IdleRun_2D.uasset" 8
"../../../Engine/Content/EditorBlueprintResources/StandardMacros.uasset" 9
"../../../../../UnrealProjects/BlueprintMultiplayer/Content/PMs/Animations/0_Base_Anim_BP.uasset" 10
"../../../../../UnrealProjects/BlueprintMultiplayer/Content/PMs/Character/CompleteCharacters/Textures_Materials/CharM_Base/T_CharM_Base_D.uasset" 11
"../../../../../UnrealProjects/BlueprintMultiplayer/Content/PMs/Character/CompleteCharacters/Textures_Materials/CharM_Base/T_CharM_Base_M.uasset" 12
"../../../../../UnrealProjects/BlueprintMultiplayer/Content/PMs/Character/CompleteCharacters/Textures_Materials/CharM_Base/T_CharM_Base_N.uasset" 13
"../../../../../UnrealProjects/BlueprintMultiplayer/Content/PMs/Character/CompleteCharacters/Textures_Materials/CharM_Base/M_CharM_Base.uasset" 14
"../../../../../UnrealProjects/BlueprintMultiplayer/Content/PMs/Character/CompleteCharacters/sk_CharM_Base.uasset" 15
"../../../../../UnrealProjects/BlueprintMultiplayer/Content/Blueprints/Characters/0_Base.uasset" 16
"../../../../../UnrealProjects/BlueprintMultiplayer/Content/PMs/Character/CompleteCharacters/Textures_Materials/CharM_Barbarous/T_CharM_Barbarous_D.uasset" 17
"../../../../../UnrealProjects/BlueprintMultiplayer/Content/PMs/Character/CompleteCharacters/Textures_Materials/CharM_Barbarous/T_CharM_Barbarous_MetalMask.uasset" 18
"../../../../../UnrealProjects/BlueprintMultiplayer/Content/PMs/Character/CompleteCharacters/Textures_Materials/CharM_Barbarous/T_CharM_Barbarous_N.uasset" 19
"../../../../../UnrealProjects/BlueprintMultiplayer/Content/PMs/Character/CompleteCharacters/Textures_Materials/CharM_Barbarous/M_Char_Barbrous.uasset" 20
"../../../../../UnrealProjects/BlueprintMultiplayer/Content/PMs/Character/CompleteCharacters/SK_CharM_Barbarous.uasset" 21
"../../../../../UnrealProjects/BlueprintMultiplayer/Content/Blueprints/Characters/Barbarous.uasset" 22
"../../../../../UnrealProjects/BlueprintMultiplayer/Content/PMs/Character/CompleteCharacters/Textures_Materials/CharM_Forge/CharM_Forge_D.uasset" 23
"../../../../../UnrealProjects/BlueprintMultiplayer/Content/PMs/Character/CompleteCharacters/Textures_Materials/CharM_Forge/CharM_Forge_MetalMask.uasset" 24
"../../../../../UnrealProjects/BlueprintMultiplayer/Content/PMs/Character/CompleteCharacters/Textures_Materials/CharM_Forge/CharM_Forge_N.uasset" 25
"../../../../../UnrealProjects/BlueprintMultiplayer/Content/PMs/Character/CompleteCharacters/Textures_Materials/CharM_Forge/M_Char_Forge.uasset" 26
"../../../../../UnrealProjects/BlueprintMultiplayer/Content/PMs/Character/CompleteCharacters/SK_CharM_Forge.uasset" 27
"../../../../../UnrealProjects/BlueprintMultiplayer/Content/Blueprints/Characters/Forge.uasset" 28
"../../../../../UnrealProjects/BlueprintMultiplayer/Content/PMs/Character/CompleteCharacters/Textures_Materials/CharM_FrostGiant/T_Char_M_FrostGiant_D.uasset" 29
"../../../../../UnrealProjects/BlueprintMultiplayer/Content/PMs/Character/CompleteCharacters/Textures_Materials/CharM_FrostGiant/T_Char_M_FrostGiant_Masks.uasset" 30
"../../../../../UnrealProjects/BlueprintMultiplayer/Content/PMs/Character/CompleteCharacters/Textures_Materials/CharM_FrostGiant/T_Char_M_FrostGiant_MaterialMask.uasset" 31
"../../../../../UnrealProjects/BlueprintMultiplayer/Content/PMs/Character/CompleteCharacters/Textures_Materials/CharM_FrostGiant/T_Char_M_FrostGiant_N.uasset" 32
"../../../../../UnrealProjects/BlueprintMultiplayer/Content/PMs/Character/CompleteCharacters/Textures_Materials/CharM_FrostGiant/M_Char_FrostGiant.uasset" 33
"../../../../../UnrealProjects/BlueprintMultiplayer/Content/PMs/Character/CompleteCharacters/SK_CharM_FrostGiant.uasset" 34
"../../../../../UnrealProjects/BlueprintMultiplayer/Content/Blueprints/Characters/Frosty.uasset" 35
"../../../../../UnrealProjects/BlueprintMultiplayer/Content/PMs/Character/CompleteCharacters/Textures_Materials/CharM_Natural/T_CharM_Natural_D.uasset" 36
"../../../../../UnrealProjects/BlueprintMultiplayer/Content/PMs/Character/CompleteCharacters/Textures_Materials/CharM_Natural/T_CharM_Natural_Mask.uasset" 37
"../../../../../UnrealProjects/BlueprintMultiplayer/Content/PMs/Character/CompleteCharacters/Textures_Materials/CharM_Natural/T_CharM_Natural_N.uasset" 38
"../../../../../UnrealProjects/BlueprintMultiplayer/Content/PMs/Character/CompleteCharacters/Textures_Materials/CharM_Natural/M_Char_Natural.uasset" 39
"../../../../../UnrealProjects/BlueprintMultiplayer/Content/PMs/Character/CompleteCharacters/SK_CharM_Natural.uasset" 40
"../../../../../UnrealProjects/BlueprintMultiplayer/Content/Blueprints/Characters/Natural.uasset" 41
"../../../../../UnrealProjects/BlueprintMultiplayer/Content/PMs/Character/CompleteCharacters/Textures_Materials/CharM_Pit/T_CharM_Pit_D.uasset" 42
"../../../../../UnrealProjects/BlueprintMultiplayer/Content/PMs/Character/CompleteCharacters/Textures_Materials/CharM_Pit/T_CharM_Pit_Mask.uasset" 43
"../../../../../UnrealProjects/BlueprintMultiplayer/Content/PMs/Character/CompleteCharacters/Textures_Materials/CharM_Pit/T_CharM_Pit_N.uasset" 44
"../../../../../UnrealProjects/BlueprintMultiplayer/Content/PMs/Character/CompleteCharacters/Textures_Materials/CharM_Pit/M_Char_Pit.uasset" 45
"../../../../../UnrealProjects/BlueprintMultiplayer/Content/PMs/Character/CompleteCharacters/SK_CharM_Pit.uasset" 46
"../../../../../UnrealProjects/BlueprintMultiplayer/Content/Blueprints/Characters/Pit.uasset" 47
"../../../../../UnrealProjects/BlueprintMultiplayer/Content/PMs/Character/CompleteCharacters/Textures_Materials/CharM_Robo/T_CharM_Robo_D.uasset" 48
"../../../../../UnrealProjects/BlueprintMultiplayer/Content/PMs/Character/CompleteCharacters/Textures_Materials/CharM_Robo/T_CharM_Robo_Mask.uasset" 49
"../../../../../UnrealProjects/BlueprintMultiplayer/Content/PMs/Character/CompleteCharacters/Textures_Materials/CharM_Robo/T_CharM_Robo_N.uasset" 50
"../../../../../UnrealProjects/BlueprintMultiplayer/Content/PMs/Character/CompleteCharacters/Textures_Materials/CharM_Robo/M_Char_Robo.uasset" 51
"../../../../../UnrealProjects/BlueprintMultiplayer/Content/PMs/Character/CompleteCharacters/SK_CharM_Robo.uasset" 52
"../../../../../UnrealProjects/BlueprintMultiplayer/Content/Blueprints/Characters/Robo.uasset" 53
"../../../../../UnrealProjects/BlueprintMultiplayer/Content/PMs/Character/CompleteCharacters/Textures_Materials/CharM_Tusk/T_CharM_Tusk_D.uasset" 54
"../../../../../UnrealProjects/BlueprintMultiplayer/Content/PMs/Character/CompleteCharacters/Textures_Materials/CharM_Tusk/T_CharM_Tusk_E.uasset" 55
"../../../../../UnrealProjects/BlueprintMultiplayer/Content/PMs/Character/CompleteCharacters/Textures_Materials/CharM_Tusk/T_CharM_Tusk_Mask.uasset" 56
"../../../../../UnrealProjects/BlueprintMultiplayer/Content/PMs/Character/CompleteCharacters/Textures_Materials/CharM_Tusk/T_CharM_Tusk_N.uasset" 57
"../../../../../UnrealProjects/BlueprintMultiplayer/Content/PMs/Character/CompleteCharacters/Textures_Materials/CharM_Tusk/M_Char_Tusk.uasset" 58
"../../../../../UnrealProjects/BlueprintMultiplayer/Content/PMs/Character/CompleteCharacters/SK_CharM_Tusk.uasset" 59
"../../../../../UnrealProjects/BlueprintMultiplayer/Content/Blueprints/Characters/Tusk.uasset" 60
"../../../../../UnrealProjects/BlueprintMultiplayer/Content/PMs/Character/CompleteCharacters/Textures_Materials/CharM_Warrior/T_CharM_Warrior_JewelMask.uasset" 61
"../../../../../UnrealProjects/BlueprintMultiplayer/Content/PMs/Character/CompleteCharacters/Textures_Materials/CharM_Warrior/T_CharM_Warrior_N.uasset" 62
"../../../../../UnrealProjects/BlueprintMultiplayer/Content/PMs/Character/CompleteCharacters/Textures_Materials/CharM_Warrior/T_CharM_WarriorB_D.uasset" 63
"../../../../../UnrealProjects/BlueprintMultiplayer/Content/PMs/Character/CompleteCharacters/Textures_Materials/CharM_Warrior/T_CharM_WarriorB_Mask.uasset" 64
"../../../../../UnrealProjects/BlueprintMultiplayer/Content/PMs/Character/CompleteCharacters/Textures_Materials/CharM_Warrior/M_Char_Warrior_B.uasset" 65
"../../../../../UnrealProjects/BlueprintMultiplayer/Content/PMs/Character/CompleteCharacters/SK_CharM_Warrior.uasset" 66
"../../../../../UnrealProjects/BlueprintMultiplayer/Content/Blueprints/Characters/Warrior.uasset" 67
"../../../../../UnrealProjects/BlueprintMultiplayer/Content/Mannequin/Character/Mesh/UE4_Mannequin_Skeleton.uasset" 68
"../../../../../UnrealProjects/BlueprintMultiplayer/Content/Mannequin/Animations/ThirdPersonJump_End.uasset" 69
"../../../../../UnrealProjects/BlueprintMultiplayer/Content/PMs/Character/CompleteCharacters/Textures_Materials/CharM_Barbarous/T_CharM_BarbarousElite_D.uasset" 70
"../../../../../UnrealProjects/BlueprintMultiplayer/Content/PMs/Character/CompleteCharacters/Textures_Materials/CharM_Barbarous/M_Char_Barbarous_Elite.uasset" 71
"../../../../../UnrealProjects/BlueprintMultiplayer/Content/PMs/Character/CompleteCharacters/Textures_Materials/CharM_Barbarous/SK_CharM_Barbarous_Skeleton.uasset" 72
"../../../../../UnrealProjects/BlueprintMultiplayer/Content/PMs/Character/CompleteCharacters/Textures_Materials/CharM_Base/T_CharM_Base_D_MetalMask.uasset" 73
"../../../../../UnrealProjects/BlueprintMultiplayer/Content/PMs/Character/CompleteCharacters/Textures_Materials/CharM_Bladed/T_CharM_Bladed_Elite_D.uasset" 74
"../../../../../UnrealProjects/BlueprintMultiplayer/Content/PMs/Character/CompleteCharacters/Textures_Materials/CharM_Natural/T_CharM_NaturalElite_D.uasset" 75
"../../../../../UnrealProjects/BlueprintMultiplayer/Content/PMs/Character/CompleteCharacters/Textures_Materials/CharM_Natural/T_CharM_NaturalElite_Mask.uasset" 76
"../../../../../UnrealProjects/BlueprintMultiplayer/Content/PMs/Character/CompleteCharacters/Textures_Materials/CharM_Natural/T_CharM_NaturalElite_N.uasset" 77
"../../../../../UnrealProjects/BlueprintMultiplayer/Content/PMs/Character/CompleteCharacters/Textures_Materials/CharM_Pit/T_CharM_Trench_D.uasset" 78
"../../../../../UnrealProjects/BlueprintMultiplayer/Content/PMs/Character/CompleteCharacters/Textures_Materials/CharM_Pit/M_Char_Pit2.uasset" 79
"../../../../../UnrealProjects/BlueprintMultiplayer/Content/PMs/Character/CompleteCharacters/Textures_Materials/CharM_Pit/T_CharM_Pit3_D.uasset" 80
"../../../../../UnrealProjects/BlueprintMultiplayer/Content/PMs/Character/CompleteCharacters/Textures_Materials/CharM_Pit/M_Char_Pit3.uasset" 81
"../../../../../UnrealProjects/BlueprintMultiplayer/Content/PMs/Character/CompleteCharacters/Textures_Materials/CharM_Pit/T_CharM_Gorge_D.uasset" 82
"../../../../../UnrealProjects/BlueprintMultiplayer/Content/PMs/Character/CompleteCharacters/Textures_Materials/CharM_Ram/T_CharM_Ram_C_D.uasset" 83
"../../../../../UnrealProjects/BlueprintMultiplayer/Content/PMs/Character/CompleteCharacters/Textures_Materials/CharM_Ram/T_CharM_Ram_D.uasset" 84
"../../../../../UnrealProjects/BlueprintMultiplayer/Content/PMs/Character/CompleteCharacters/Textures_Materials/CharM_Shell/T_CharM_ShellB_D.uasset" 85
"../../../../../UnrealProjects/BlueprintMultiplayer/Content/PMs/Character/CompleteCharacters/Textures_Materials/CharM_Shell/T_CharM_Shell_C.uasset" 86
"../../../../../UnrealProjects/BlueprintMultiplayer/Content/PMs/Character/CompleteCharacters/Textures_Materials/CharM_Bladed/T_CharM_Bladed_D.uasset" 87
"../../../../../UnrealProjects/BlueprintMultiplayer/Content/PMs/Character/CompleteCharacters/Textures_Materials/CharM_Bladed/T_CharM_Bladed_MetalMask1.uasset" 88
"../../../../../UnrealProjects/BlueprintMultiplayer/Content/PMs/Character/CompleteCharacters/Textures_Materials/CharM_Bladed/T_CharM_Bladed_N.uasset" 89
"../../../../../UnrealProjects/BlueprintMultiplayer/Content/PMs/Character/CompleteCharacters/Textures_Materials/CharM_solid/M_CharM_Solid_Alternate.uasset" 90
"../../../../../UnrealProjects/BlueprintMultiplayer/Content/PMs/Character/CompleteCharacters/Textures_Materials/CharM_solid/T_CharM_Solid_Alt.uasset" 91
"../../../../../UnrealProjects/BlueprintMultiplayer/Content/PMs/Character/CompleteCharacters/Textures_Materials/CharM_solid/T_CharM_Solid_Alternate.uasset" 92
"../../../../../UnrealProjects/BlueprintMultiplayer/Content/PMs/Character/CompleteCharacters/Textures_Materials/CharM_solid/T_CharM_Solid_Alt_Mask.uasset" 93
"../../../../../UnrealProjects/BlueprintMultiplayer/Content/PMs/Character/CompleteCharacters/Textures_Materials/CharM_Warrior/T_CharM_Warrior_Emissive.uasset" 94
"../../../../../UnrealProjects/BlueprintMultiplayer/Content/StarterContent/Materials/M_Basic_Wall.uasset" 95
"../../../../../UnrealProjects/BlueprintMultiplayer/Content/StarterContent/Architecture/Pillar_50x500.uasset" 96
"../../../../../UnrealProjects/BlueprintMultiplayer/Content/StarterContent/Architecture/Wall_400x300.uasset" 97
"../../../../../UnrealProjects/BlueprintMultiplayer/Content/StarterContent/Architecture/Wall_400x400.uasset" 98
"../../../../../UnrealProjects/BlueprintMultiplayer/Content/StarterContent/Architecture/Wall_500x500.uasset" 99
"../../../../../UnrealProjects/BlueprintMultiplayer/Content/StarterContent/Architecture/Wall_Door_400x400.uasset" 100
"../../../../../UnrealProjects/BlueprintMultiplayer/Content/StarterContent/Architecture/Wall_Window_400x400.uasset" 101
"../../../../../UnrealProjects/BlueprintMultiplayer/Content/StarterContent/Audio/Collapse01.uasset" 102
"../../../../../UnrealProjects/BlueprintMultiplayer/Content/StarterContent/Audio/Collapse02.uasset" 103
"../../../../../UnrealProjects/BlueprintMultiplayer/Content/StarterContent/Audio/Explosion01.uasset" 104
"../../../../../UnrealProjects/BlueprintMultiplayer/Content/StarterContent/Audio/Explosion02.uasset" 105
"../../../../../UnrealProjects/BlueprintMultiplayer/Content/StarterContent/Audio/Fire01.uasset" 106
"../../../../../UnrealProjects/BlueprintMultiplayer/Content/StarterContent/Audio/Fire_Sparks01.uasset" 107
"../../../../../UnrealProjects/BlueprintMultiplayer/Content/StarterContent/Audio/Light01.uasset" 108
"../../../../../UnrealProjects/BlueprintMultiplayer/Content/StarterContent/Audio/Light01_Cue.uasset" 109
"../../../../../UnrealProjects/BlueprintMultiplayer/Content/StarterContent/Audio/Light02.uasset" 110
"../../../../../UnrealProjects/BlueprintMultiplayer/Content/StarterContent/Audio/Light02_Cue.uasset" 111
"../../../../../UnrealProjects/BlueprintMultiplayer/Content/StarterContent/Audio/Smoke01.uasset" 112
"../../../../../UnrealProjects/BlueprintMultiplayer/Content/StarterContent/Audio/Starter_Birds01.uasset" 113
"../../../../../UnrealProjects/BlueprintMultiplayer/Content/StarterContent/Audio/Starter_Music01.uasset" 114
"../../../../../UnrealProjects/BlueprintMultiplayer/Content/StarterContent/Audio/Starter_Wind05.uasset" 115
"../../../../../UnrealProjects/BlueprintMultiplayer/Content/StarterContent/Audio/Starter_Wind06.uasset" 116
"../../../../../UnrealProjects/BlueprintMultiplayer/Content/StarterContent/Audio/Steam01.uasset" 117
"../../../../../UnrealProjects/BlueprintMultiplayer/Content/StarterContent/Audio/Explosion_Cue.uasset" 118
"../../../../../UnrealProjects/BlueprintMultiplayer/Content/StarterContent/Textures/T_Burst_M.uasset" 119
"../../../../../UnrealProjects/BlueprintMultiplayer/Content/StarterContent/Particles/Materials/M_Burst.uasset" 120
"../../../../../UnrealProjects/BlueprintMultiplayer/Content/StarterContent/Textures/T_Explosion_SubUV.uasset" 121
"../../../../../UnrealProjects/BlueprintMultiplayer/Content/StarterContent/Particles/Materials/M_explosion_subUV.uasset" 122
"../../../../../UnrealProjects/BlueprintMultiplayer/Content/StarterContent/Particles/Materials/m_flare_01.uasset" 123
"../../../Engine/Content/Functions/Engine_MaterialFunctions01/Gradient/RadialGradient.uasset" 124
"../../../../../UnrealProjects/BlueprintMultiplayer/Content/StarterContent/Particles/Materials/M_radial_ramp.uasset" 125
"../../../../../UnrealProjects/BlueprintMultiplayer/Content/StarterContent/Textures/T_Smoke_SubUV.uasset" 126
"../../../../../UnrealProjects/BlueprintMultiplayer/Content/StarterContent/Textures/T_Smoke_Tiled_D.uasset" 127
"../../../../../UnrealProjects/BlueprintMultiplayer/Content/StarterContent/Particles/Materials/M_smoke_subUV.uasset" 128
"../../../../../UnrealProjects/BlueprintMultiplayer/Content/StarterContent/Particles/P_Explosion.uasset" 129
"../../../../../UnrealProjects/BlueprintMultiplayer/Content/StarterContent/Blueprints/Blueprint_Effect_Explosion.uasset" 130
"../../../Engine/Content/EditorMeshes/ColorCalibrator/T_ColorGrid.uasset" 131
"../../../../../UnrealProjects/BlueprintMultiplayer/Content/StarterContent/Materials/M_ColorGrid_LowSpec.uasset" 132
"../../../../../UnrealProjects/BlueprintMultiplayer/Content/StarterContent/Textures/T_Bush_D.uasset" 133
"../../../../../UnrealProjects/BlueprintMultiplayer/Content/StarterContent/Textures/T_Bush_N.uasset" 134
"../../../../../UnrealProjects/BlueprintMultiplayer/Content/StarterContent/Props/Materials/M_Bush.uasset" 135
"../../../../../UnrealProjects/BlueprintMultiplayer/Content/StarterContent/Props/SM_Bush.uasset" 136
"../../../../../UnrealProjects/BlueprintMultiplayer/Content/StarterContent/Textures/T_Chair_M.uasset" 137
"../../../../../UnrealProjects/BlueprintMultiplayer/Content/StarterContent/Textures/T_Chair_N.uasset" 138
"../../../../../UnrealProjects/BlueprintMultiplayer/Content/StarterContent/Props/Materials/M_Chair.uasset" 139
"../../../../../UnrealProjects/BlueprintMultiplayer/Content/StarterContent/Props/SM_Couch.uasset" 140
"../../../../../UnrealProjects/BlueprintMultiplayer/Content/StarterContent/Materials/M_Glass.uasset" 141
"../../../../../UnrealProjects/BlueprintMultiplayer/Content/StarterContent/Textures/T_Door_M.uasset" 142
"../../../../../UnrealProjects/BlueprintMultiplayer/Content/StarterContent/Textures/T_Door_N.uasset" 143
"../../../../../UnrealProjects/BlueprintMultiplayer/Content/StarterContent/Props/Materials/M_Door.uasset" 144
"../../../../../UnrealProjects/BlueprintMultiplayer/Content/StarterContent/Props/SM_Door.uasset" 145
"../../../../../UnrealProjects/BlueprintMultiplayer/Content/StarterContent/Props/Materials/M_MaterialSphere.uasset" 146
"../../../../../UnrealProjects/BlueprintMultiplayer/Content/StarterContent/Props/Materials/M_MaterialSphere_Plain.uasset" 147
"../../../../../UnrealProjects/BlueprintMultiplayer/Content/StarterContent/Props/SM_MatPreviewMesh_02.uasset" 148
"../../../Engine/Content/Functions/Engine_MaterialFunctions02/Utility/BlendAngleCorrectedNormals.uasset" 149
"../../../../../UnrealProjects/BlueprintMultiplayer/Content/StarterContent/Textures/T_Detail_Rocky_N.uasset" 150
"../../../../../UnrealProjects/BlueprintMultiplayer/Content/StarterContent/Textures/T_Rock_Basalt_D.uasset" 151
"../../../../../UnrealProjects/BlueprintMultiplayer/Content/StarterContent/Textures/T_RockMesh_M.uasset" 152
"../../../../../UnrealProjects/BlueprintMultiplayer/Content/StarterContent/Textures/T_RockMesh_N.uasset" 153
"../../../../../UnrealProjects/BlueprintMultiplayer/Content/StarterContent/Props/Materials/M_Rock.uasset" 154
"../../../../../UnrealProjects/BlueprintMultiplayer/Content/StarterContent/Props/SM_Rock.uasset" 155
"../../../../../UnrealProjects/BlueprintMultiplayer/Content/StarterContent/Textures/T_Shelf_M.uasset" 156
"../../../../../UnrealProjects/BlueprintMultiplayer/Content/StarterContent/Textures/T_Shelf_N.uasset" 157
"../../../../../UnrealProjects/BlueprintMultiplayer/Content/StarterContent/Props/Materials/M_Shelf.uasset" 158
"../../../../../UnrealProjects/BlueprintMultiplayer/Content/StarterContent/Props/SM_Shelf.uasset" 159
"../../../../../UnrealProjects/BlueprintMultiplayer/Content/StarterContent/Materials/M_Basic_Floor.uasset" 160
"../../../../../UnrealProjects/BlueprintMultiplayer/Content/StarterContent/Props/SM_Stairs.uasset" 161
"../../../../../UnrealProjects/BlueprintMultiplayer/Content/StarterContent/Shapes/Shape_Cone.uasset" 162
"../../../../../UnrealProjects/BlueprintMultiplayer/Content/StarterContent/Shapes/Shape_Cylinder.uasset" 163
"../../../../../UnrealProjects/BlueprintMultiplayer/Content/StarterContent/Shapes/Shape_NarrowCapsule.uasset" 164
"../../../../../UnrealProjects/BlueprintMultiplayer/Content/StarterContent/Shapes/Shape_Pipe.uasset" 165
"../../../../../UnrealProjects/BlueprintMultiplayer/Content/StarterContent/Shapes/Shape_Pipe_180.uasset" 166
"../../../../../UnrealProjects/BlueprintMultiplayer/Content/StarterContent/Shapes/Shape_Pipe_90.uasset" 167
"../../../../../UnrealProjects/BlueprintMultiplayer/Content/StarterContent/Shapes/Shape_Plane.uasset" 168
"../../../../../UnrealProjects/BlueprintMultiplayer/Content/StarterContent/Shapes/Shape_Torus.uasset" 169
"../../../../../UnrealProjects/BlueprintMultiplayer/Content/StarterContent/Shapes/Shape_Trim.uasset" 170
"../../../../../UnrealProjects/BlueprintMultiplayer/Content/StarterContent/Shapes/Shape_Trim_90_In.uasset" 171
"../../../../../UnrealProjects/BlueprintMultiplayer/Content/StarterContent/Shapes/Shape_Trim_90_Out.uasset" 172
"../../../../../UnrealProjects/BlueprintMultiplayer/Content/StarterContent/Shapes/Shape_TriPyramid.uasset" 173
"../../../../../UnrealProjects/BlueprintMultiplayer/Content/StarterContent/Shapes/Shape_Tube.uasset" 174
"../../../../../UnrealProjects/BlueprintMultiplayer/Content/StarterContent/Shapes/Shape_Wedge_A.uasset" 175
"../../../../../UnrealProjects/BlueprintMultiplayer/Content/StarterContent/Shapes/Shape_Wedge_B.uasset" 176
"../../../../../UnrealProjects/BlueprintMultiplayer/Content/StarterContent/Shapes/Shape_WideCapsule.uasset" 177
"../../../../../UnrealProjects/BlueprintMultiplayer/Content/Textures/Arena_01.uasset" 178
"../../../../../UnrealProjects/BlueprintMultiplayer/Content/Textures/Arena_02.uasset" 179
"../../../../../UnrealProjects/BlueprintMultiplayer/Content/Textures/Barbarous.uasset" 180
"../../../../../UnrealProjects/BlueprintMultiplayer/Content/Textures/Forge.uasset" 181
"../../../../../UnrealProjects/BlueprintMultiplayer/Content/Textures/Frosty.uasset" 182
"../../../../../UnrealProjects/BlueprintMultiplayer/Content/Textures/Natural.uasset" 183
"../../../../../UnrealProjects/BlueprintMultiplayer/Content/Textures/Pit.uasset" 184
"../../../../../UnrealProjects/BlueprintMultiplayer/Content/Textures/Robo.uasset" 185
"../../../../../UnrealProjects/BlueprintMultiplayer/Content/Textures/Tusk.uasset" 186
"../../../../../UnrealProjects/BlueprintMultiplayer/Content/Textures/Warrior.uasset" 187
"../../../../../UnrealProjects/BlueprintMultiplayer/Content/ThirdPersonBP/ThirdPersonOverview.uasset" 188
"../../../../../UnrealProjects/BlueprintMultiplayer/Content/Mannequin/Animations/ThirdPerson_Jump.uasset" 189
"../../../../../UnrealProjects/BlueprintMultiplayer/Content/Mannequin/Animations/ThirdPersonJump_Loop.uasset" 190
"../../../../../UnrealProjects/BlueprintMultiplayer/Content/Mannequin/Animations/ThirdPersonJump_Start.uasset" 191
"../../../../../UnrealProjects/BlueprintMultiplayer/Content/Mannequin/Animations/ThirdPersonIdle.uasset" 192
"../../../../../UnrealProjects/BlueprintMultiplayer/Content/Mannequin/Animations/ThirdPersonRun.uasset" 193
"../../../../../UnrealProjects/BlueprintMultiplayer/Content/Mannequin/Animations/ThirdPersonWalk.uasset" 194
"../../../../../UnrealProjects/BlueprintMultiplayer/Content/Mannequin/Animations/ThirdPerson_IdleRun_2D.uasset" 195
"../../../../../UnrealProjects/BlueprintMultiplayer/Content/Mannequin/Animations/ThirdPerson_AnimBP.uasset" 196
"../../../Engine/Content/Functions/MaterialLayerFunctions/MatLayerBlend_NormalBlend.uasset" 197
"../../../Engine/Content/Functions/MaterialLayerFunctions/MatLayerBlend_Simple.uasset" 198
"../../../../../UnrealProjects/BlueprintMultiplayer/Content/Mannequin/Character/Materials/MaterialLayers/T_ML_Rubber_Blue_01_D.uasset" 199
"../../../../../UnrealProjects/BlueprintMultiplayer/Content/Mannequin/Character/Materials/MaterialLayers/T_ML_Rubber_Blue_01_N.uasset" 200
"../../../../../UnrealProjects/BlueprintMultiplayer/Content/Mannequin/Character/Materials/MaterialLayers/ML_GlossyBlack_Latex_UE4.uasset" 201
"../../../../../UnrealProjects/BlueprintMultiplayer/Content/Mannequin/Character/Materials/MaterialLayers/ML_Plastic_Shiny_Beige.uasset" 202
"../../../../../UnrealProjects/BlueprintMultiplayer/Content/Mannequin/Character/Textures/UE4_LOGO_CARD.uasset" 203
"../../../../../UnrealProjects/BlueprintMultiplayer/Content/Mannequin/Character/Materials/MaterialLayers/ML_Plastic_Shiny_Beige_LOGO.uasset" 204
"../../../../../UnrealProjects/BlueprintMultiplayer/Content/Mannequin/Character/Materials/MaterialLayers/T_ML_Aluminum01.uasset" 205
"../../../../../UnrealProjects/BlueprintMultiplayer/Content/Mannequin/Character/Materials/MaterialLayers/T_ML_Aluminum01_N.uasset" 206
"../../../../../UnrealProjects/BlueprintMultiplayer/Content/Mannequin/Character/Materials/MaterialLayers/ML_SoftMetal_UE4.uasset" 207
"../../../../../UnrealProjects/BlueprintMultiplayer/Content/Mannequin/Character/Textures/UE4_Mannequin__normals.uasset" 208
"../../../../../UnrealProjects/BlueprintMultiplayer/Content/Mannequin/Character/Textures/UE4_Mannequin_MAT_MASKA.uasset" 209
"../../../../../UnrealProjects/BlueprintMultiplayer/Content/Mannequin/Character/Materials/M_UE4Man_Body.uasset" 210
"../../../../../UnrealProjects/BlueprintMultiplayer/Content/Mannequin/Character/Textures/UE4Man_Logo_N.uasset" 211
"../../../../../UnrealProjects/BlueprintMultiplayer/Content/Mannequin/Character/Materials/M_UE4Man_ChestLogo.uasset" 212
"../../../../../UnrealProjects/BlueprintMultiplayer/Content/Mannequin/Character/Mesh/SK_Mannequin_PhysicsAsset.uasset" 213
"../../../../../UnrealProjects/BlueprintMultiplayer/Content/Mannequin/Character/Mesh/SK_Mannequin.uasset" 214
"../../../../../UnrealProjects/BlueprintMultiplayer/Content/ThirdPersonBP/Blueprints/ThirdPersonCharacter.uasset" 215
"../../../../../UnrealProjects/BlueprintMultiplayer/Content/ThirdPersonBP/Blueprints/ThirdPersonGameMode.uasset" 216
"../../../../../UnrealProjects/BlueprintMultiplayer/Content/UI/AllLevels/ChatText.uasset" 217
"../../../../../UnrealProjects/BlueprintMultiplayer/Content/UI/AllLevels/ChatWindow.uasset" 218
"../../../../../UnrealProjects/BlueprintMultiplayer/Content/UI/AllLevels/GameplayChat.uasset" 219
"../../../../../UnrealProjects/BlueprintMultiplayer/Content/UI/Lobby/CharacterSelect.uasset" 220
"../../../../../UnrealProjects/BlueprintMultiplayer/Content/UI/Lobby/ConnectedPlayer.uasset" 221
"../../../../../UnrealProjects/BlueprintMultiplayer/Content/UI/Lobby/GameSettings.uasset" 222
"../../../../../UnrealProjects/BlueprintMultiplayer/Content/UI/Lobby/LobbyMenu.uasset" 223
"../../../../../UnrealProjects/BlueprintMultiplayer/Content/UI/Lobby/PlayerButton.uasset" 224
"../../../../../UnrealProjects/BlueprintMultiplayer/Content/UI/MainMenu/ErrorDialogue.uasset" 225
"../../../Engine/Content/Animation/DefaultAnimCurveCompressionSettings.uasset" 226
"../../../Engine/Content/Functions/Engine_MaterialFunctions01/Opacity/CameraDepthFade.uasset" 227
"../../../Engine/Content/EngineMaterials/T_Default_Material_Grid_M.uasset" 228
"../../../Engine/Content/EngineMaterials/T_Default_Material_Grid_N.uasset" 229
"../../../Engine/Content/EngineMaterials/WorldGridMaterial.uasset" 230
"../../../Engine/Content/ArtTools/RenderToTexture/Meshes/S_1_Unit_Plane.uasset" 231
"../../../Engine/Content/EngineMaterials/DefaultMaterial.uasset" 232
"../../../Engine/Content/BasicShapes/Cone.uasset" 233
"../../../Engine/Content/BasicShapes/Cylinder.uasset" 234
"../../../Engine/Content/BasicShapes/Plane.uasset" 235
"../../../Engine/Content/BasicShapes/Sphere.uasset" 236
"../../../Engine/Content/EditorLandscapeResources/DataLayer.uasset" 237
"../../../Engine/Content/EditorMaterials/GizmoMaterial.uasset" 238
"../../../Engine/Content/EditorMaterials/MAT_Groups_Toggle.uasset" 239
"../../../Engine/Content/EditorMaterials/MAT_Groups_Visibility.uasset" 240
"../../../Engine/Content/EditorMaterials/PreviewShadowIndicator.uasset" 241
"../../../Engine/Content/EditorMaterials/PreviewShadowIndicatorMaterial.uasset" 242
"../../../Engine/Content/EditorMaterials/MatineeGroups/MAT_ColorTrack.uasset" 243
"../../../Engine/Content/EditorMaterials/MatineeGroups/MAT_Groups_Anim.uasset" 244
"../../../Engine/Content/EditorMaterials/MatineeGroups/MAT_Groups_AudioMaster.uasset" 245
"../../../Engine/Content/EditorMaterials/MatineeGroups/MAT_Groups_Director.uasset" 246
"../../../Engine/Content/EditorMaterials/MatineeGroups/MAT_Groups_Event.uasset" 247
"../../../Engine/Content/EditorMaterials/MatineeGroups/MAT_Groups_Fade.uasset" 248
"../../../Engine/Content/EditorMaterials/MatineeGroups/MAT_Groups_Float.uasset" 249
"../../../Engine/Content/EditorMaterials/MatineeGroups/MAT_Groups_Move.uasset" 250
"../../../Engine/Content/EditorMaterials/MatineeGroups/MAT_Groups_Slomo.uasset" 251
"../../../Engine/Content/EditorMaterials/MatineeGroups/MAT_Groups_Sound.uasset" 252
"../../../Engine/Content/EditorMaterials/MatineeGroups/MAT_Groups_Vector.uasset" 253
"../../../Engine/Content/EditorMaterials/ParticleSystems/PSysThumbnail_NoImage.uasset" 254
"../../../Engine/Content/EditorMaterials/ParticleSystems/PSysThumbnail_OOD.uasset" 255
"../../../Engine/Content/EditorMaterials/Camera/CineMat.uasset" 256
"../../../Engine/Content/EditorMaterials/Camera/MI_CineMat_Rig.uasset" 257
"../../../Engine/Content/EditorMeshes/Camera/SM_CraneRig_Arm.uasset" 258
"../../../Engine/Content/EditorMeshes/Camera/SM_CraneRig_Base.uasset" 259
"../../../Engine/Content/EditorMeshes/Camera/SM_CraneRig_Body.uasset" 260
"../../../Engine/Content/EditorMeshes/Camera/SM_CraneRig_Mount.uasset" 261
"../../../Engine/Content/EditorMeshes/Camera/SM_RailRig_Mount.uasset" 262
"../../../Engine/Content/EditorMeshes/Camera/SM_RailRig_Track.uasset" 263
"../../../Engine/Content/EditorResources/BSPVertex.uasset" 264
"../../../Engine/Content/EditorResources/EmptyActor.uasset" 265
"../../../Engine/Content/EditorResources/S_Actor.uasset" 266
"../../../Engine/Content/EditorResources/S_Note.uasset" 267
"../../../Engine/Content/EditorResources/S_Solver.uasset" 268
"../../../Engine/Content/EditorResources/S_Trigger.uasset" 269
"../../../Engine/Content/EditorResources/AudioIcons/S_AudioComponent.uasset" 270
"../../../Engine/Content/EditorResources/AudioIcons/S_AudioComponent_AutoActivate.uasset" 271
"../../../Engine/Content/EditorResources/LightIcons/S_LightError.uasset" 272
"../../../Engine/Content/EditorResources/SequenceRecorder/Countdown.uasset" 273
"../../../Engine/Content/EditorResources/SequenceRecorder/RecordingIndicator.uasset" 274
"../../../Engine/Content/EditorSounds/Notifications/CompileFailed.uasset" 275
"../../../Engine/Content/EditorSounds/Notifications/CompileFailed_Cue.uasset" 276
"../../../Engine/Content/EditorSounds/Notifications/CompileSuccess.uasset" 277
"../../../Engine/Content/EditorSounds/Notifications/CompileStart_Cue.uasset" 278
"../../../Engine/Content/EditorSounds/Notifications/CompileSuccess_Cue.uasset" 279
"../../../Engine/Content/EngineDamageTypes/DmgTypeBP_Environmental.uasset" 280
"../../../Engine/Content/EngineDebugMaterials/HeatmapGradient.uasset" 281
"../../../Engine/Content/EngineDebugMaterials/BoneWeightMaterial.uasset" 282
"../../../Engine/Content/EngineDebugMaterials/ClothMaterial.uasset" 283
"../../../Engine/Content/EngineDebugMaterials/ClothMaterial_WF.uasset" 284
"../../../Engine/Content/EngineDebugMaterials/DebugEditorMaterial.uasset" 285
"../../../Engine/Content/EngineDebugMaterials/DebugMeshMaterial.uasset" 286
"../../../Engine/Content/EngineDebugMaterials/GeomMaterial.uasset" 287
"../../../Engine/Content/EngineDebugMaterials/M_SimpleTranslucent.uasset" 288
"../../../Engine/Content/Functions/Engine_MaterialFunctions02/Utility/CameraDirectionVector.uasset" 289
"../../../Engine/Content/EngineDebugMaterials/VolumeToRender.uasset" 290
"../../../Engine/Content/EngineDebugMaterials/M_VolumeRenderSphereTracePP.uasset" 291
"../../../Engine/Content/EngineDebugMaterials/WireframeMaterial.uasset" 292
"../../../Engine/Content/EngineFonts/Faces/RobotoBold.uasset" 293
"../../../Engine/Content/EngineFonts/Faces/RobotoBoldItalic.uasset" 294
"../../../Engine/Content/EngineFonts/Faces/RobotoItalic.uasset" 295
"../../../Engine/Content/EngineFonts/Faces/RobotoLight.uasset" 296
"../../../Engine/Content/EngineFonts/Faces/RobotoRegular.uasset" 297
"../../../Engine/Content/EngineFonts/Roboto.uasset" 298
"../../../Engine/Content/EngineMaterials/BaseFlattenDiffuseMap.uasset" 299
"../../../Engine/Content/EngineMaterials/BaseFlattenEmissiveMap.uasset" 300
"../../../Engine/Content/EngineMaterials/BaseFlattenGrayscaleMap.uasset" 301
"../../../Engine/Content/EngineMaterials/BaseFlattenNormalMap.uasset" 302
"../../../Engine/Content/EngineMaterials/BaseFlattenMaterial.uasset" 303
"../../../Engine/Content/EngineMaterials/BlueNoise.uasset" 304
"../../../Engine/Content/EngineMaterials/DefaultBloomKernel.uasset" 305
"../../../Engine/Content/EngineMaterials/DefaultBokeh.uasset" 306
"../../../Engine/Content/EngineMaterials/DefaultDiffuse.uasset" 307
"../../../Engine/Content/EngineMaterials/DefaultDeferredDecalMaterial.uasset" 308
"../../../Engine/Content/EngineMaterials/DefaultLightFunctionMaterial.uasset" 309
"../../../Engine/Content/EngineMaterials/DefaultPhysicalMaterial.uasset" 310
"../../../Engine/Content/Functions/Engine_MaterialFunctions02/Utility/BreakOutFloat2Components.uasset" 311
"../../../Engine/Content/EngineMaterials/DefaultPostProcessMaterial.uasset" 312
"../../../Engine/Content/EngineFonts/RobotoDistanceField.uasset" 313
"../../../Engine/Content/EngineMaterials/DefaultTextMaterialOpaque.uasset" 314
"../../../Engine/Content/EngineMaterials/DefaultVirtualTextureMaterial.uasset" 315
"../../../Engine/Content/EngineMaterials/DefaultWhiteGrid.uasset" 316
"../../../Engine/Content/EngineMaterials/EditorBrushMaterial.uasset" 317
"../../../Engine/Content/EngineMaterials/DefaultWhiteGrid_Low.uasset" 318
"../../../Engine/Content/EngineMaterials/EmissiveMeshMaterial.uasset" 319
"../../../Engine/Content/EngineMaterials/Good64x64TilingNoiseHighFreq.uasset" 320
"../../../Engine/Content/EngineMaterials/MiniFont.uasset" 321
"../../../Engine/Content/EngineMaterials/InvalidLightmapSettings.uasset" 322
"../../../Engine/Content/EngineMaterials/M_InvalidLightmapSettings.uasset" 323
"../../../Engine/Content/Functions/Engine_MaterialFunctions02/WorldPositionOffset/CameraOffset.uasset" 324
"../../../Engine/Content/EngineMaterials/PhAT_JointLimitMaterial.uasset" 325
"../../../Engine/Content/EngineMaterials/PreintegratedSkinBRDF.uasset" 326
"../../../Engine/Content/EngineMaterials/RemoveSurfaceMaterial.uasset" 327
"../../../Engine/Content/EngineMaterials/WeightMapPlaceholderTexture.uasset" 328
"../../../Engine/Content/EngineResources/WhiteSquareTexture.uasset" 329
"../../../Engine/Content/EngineMaterials/Widget3DPassThrough.uasset" 330
"../../../Engine/Content/EngineMaterials/Widget3DPassThrough_Masked.uasset" 331
"../../../Engine/Content/EngineMaterials/Widget3DPassThrough_Opaque.uasset" 332
"../../../Engine/Content/EngineMaterials/Widget3DPassThrough_Masked_OneSided.uasset" 333
"../../../Engine/Content/EngineMaterials/Widget3DPassThrough_Opaque_OneSided.uasset" 334
"../../../Engine/Content/EngineMaterials/Widget3DPassThrough_Translucent.uasset" 335
"../../../Engine/Content/EngineMaterials/Widget3DPassThrough_Translucent_OneSided.uasset" 336
"../../../Engine/Content/EngineMeshes/Cylinder.uasset" 337
"../../../Engine/Content/EngineMeshes/Sphere.uasset" 338
"../../../Engine/Content/EngineResources/Black.uasset" 339
"../../../Engine/Content/EngineResources/DefaultTexture.uasset" 340
"../../../Engine/Content/EngineResources/DefaultTextureCube.uasset" 341
"../../../Engine/Content/EngineResources/DefaultVolumeTexture2D.uasset" 342
"../../../Engine/Content/EngineResources/DefaultVolumeTexture.uasset" 343
"../../../Engine/Content/EngineResources/GradientTexture0.uasset" 344
"../../../Engine/Content/EngineSounds/Master.uasset" 345
"../../../Engine/Content/Functions/Engine_MaterialFunctions01/Shading/ConvertFromDiffSpec.uasset" 346
"../../../Engine/Content/Functions/Engine_MaterialFunctions01/Shading/PowerToRoughness.uasset" 347
"../../../Engine/Content/Maps/Templates/Thumbnails/Default.uasset" 348
"../../../Engine/Content/Maps/Templates/Thumbnails/VR-Basic.uasset" 349
"../../../Engine/Content/MobileResources/T_MobileControls_texture.uasset" 350
"../../../Engine/Content/MobileResources/T_MobileMenu2.uasset" 351
"../../../Engine/Content/MobileResources/HUD/VirtualJoystick_Background.uasset" 352
"../../../Engine/Content/MobileResources/HUD/VirtualJoystick_Thumb.uasset" 353
"../../../Engine/Content/MobileResources/HUD/DefaultVirtualJoysticks.uasset" 354
"../../../Engine/Content/MobileResources/HUD/LeftVirtualJoystickOnly.uasset" 355
"../../../Engine/Content/MobileResources/HUD/MobileHUDButton1_off.uasset" 356
"../../../Engine/Content/MobileResources/HUD/MobileHUDButton1_on.uasset" 357
"../../../Engine/Content/MobileResources/HUD/MobileHUDButton2_off.uasset" 358
"../../../Engine/Content/MobileResources/HUD/MobileHUDButton2_on.uasset" 359
"../../../Engine/Content/MobileResources/HUD/MobileHUDButton3.uasset" 360
"../../../Engine/Content/MobileResources/HUD/MobileHUDButtonFire.uasset" 361
"../../../Engine/Content/MobileResources/HUD/MobileHUDDirectionPad.uasset" 362
"../../../Engine/Content/MobileResources/HUD/MobileHUDDirectionPad2.uasset" 363
"../../../Engine/Content/MobileResources/HUD/MobileHUDDirectionPad3.uasset" 364
"../../../Engine/Content/MobileResources/HUD/MobileHUDDirectionStick.uasset" 365
"../../../Engine/Content/MobileResources/HUD/T_Castle_ThumbstickInner.uasset" 366
"../../../Engine/Content/MobileResources/HUD/T_Castle_ThumbstickOutter.uasset" 367
"../../../Engine/Content/Tutorial/ContentIntroCurve.uasset" 368
"../../../Engine/Content/Tutorial/Basics/LevelEditorAttract.uasset" 369
"../../../Engine/Content/Tutorial/BlueprintTutorials/TutorialAssets/Blueprint_64x.uasset" 370
"../../../Engine/Content/Tutorial/BlueprintTutorials/BlueprintEditorTutorial.uasset" 371
"../../../Engine/Content/Tutorial/Installation/InstallingVisualStudioTutorial.uasset" 372
"../../../Engine/Content/Tutorial/SubEditors/MaterialEditorTutorial.uasset" 373
"../../../Engine/Content/Tutorial/SubEditors/TutorialAssets/TutorialMaterial.uasset" 374
"../../../Engine/Content/VREditor/LaserPointer/VR_LaserPower_01.uasset" 375
"../../../Engine/Content/VREditor/TransformGizmo/TransformGizmoMaterial.uasset" 376
"../../../Engine/Content/VREditor/TransformGizmo/TranslucentTransformGizmoMaterial.uasset" 377
"../../../Engine/Content/VREditor/TransformGizmo/BoundingBoxCorner.uasset" 378
"../../../Engine/Content/VREditor/TransformGizmo/BoundingBoxEdge.uasset" 379
"../../../Engine/Content/VREditor/TransformGizmo/PlaneTranslationHandle.uasset" 380
"../../../Engine/Content/VREditor/TransformGizmo/Main.uasset" 381
"../../../Engine/Content/VREditor/TransformGizmo/Xray.uasset" 382
"../../../Engine/Content/VREditor/TransformGizmo/SM_Sequencer_Key.uasset" 383
"../../../Engine/Content/VREditor/TransformGizmo/SM_Sequencer_Node.uasset" 384
"../../Plugins/2D/Paper2D/Content/PlaceholderTextures/DummySpriteTexture.uasset" 385
"../../Plugins/2D/Paper2D/Content/DummySprite.uasset" 386
"../../Plugins/2D/Paper2D/Content/DefaultPaperTerrainMaterial.uasset" 387
"../../Plugins/2D/Paper2D/Content/DummySpriteTexture.uasset" 388
"../../Plugins/2D/Paper2D/Content/DefaultSpriteMaterial.uasset" 389
"../../Plugins/2D/Paper2D/Content/MaskedUnlitSpriteMaterial.uasset" 390
"../../Plugins/2D/Paper2D/Content/OpaqueUnlitSpriteMaterial.uasset" 391
"../../Plugins/Runtime/Oculus/OculusVR/Content/OculusMR_RenderTarget.uasset" 392
"../../../Engine/Content/Functions/Engine_MaterialFunctions02/Utility/BreakOutFloat4Components.uasset" 393
"../../../Engine/Content/Functions/Engine_MaterialFunctions02/Utility/MakeFloat2.uasset" 394
"../../../Engine/Content/Functions/Engine_MaterialFunctions02/Utility/MakeFloat3.uasset" 395
"../../Plugins/Runtime/Oculus/OculusVR/Content/Materials/OculusMR_ChromaKey.uasset" 396
"../../Plugins/Runtime/Oculus/OculusVR/Content/Materials/OculusMR_ChromaKey_Lit.uasset" 397
"../../Plugins/Runtime/Oculus/OculusVR/Content/Materials/OculusMR_OpaqueColoredMaterial.uasset" 398
"../../Plugins/Runtime/Oculus/OculusVR/Content/Materials/OculusMR_WhiteMaterial.uasset" 399
"../../../Engine/Content/EngineSky/C_Sky_Cloud_Color.uasset" 400
"../../../Engine/Content/EngineSky/C_Sky_Horizon_Color.uasset" 401
"../../../Engine/Content/EngineSky/C_Sky_Zenith_Color.uasset" 402
"../../../Engine/Content/EngineSky/T_Sky_Blue.uasset" 403
"../../../Engine/Content/EngineSky/T_Sky_Clouds_M.uasset" 404
"../../../Engine/Content/EngineSky/T_Sky_Stars.uasset" 405
"../../../Engine/Content/EngineSky/M_Sky_Panning_Clouds2.uasset" 406
"../../../Engine/Content/EngineSky/SM_SkySphere.uasset" 407
"../../../Engine/Content/EngineSky/BP_Sky_Sphere.uasset" 408
"../../../../../UnrealProjects/BlueprintMultiplayer/Content/Blueprints/Gameplay/GameplayPC.uasset" 409
"../../../../../UnrealProjects/BlueprintMultiplayer/Content/Blueprints/Gameplay/GameplayGM.uasset" 410
"../../../../../UnrealProjects/BlueprintMultiplayer/Content/Maps/Arena_01_BuiltData.uasset" 411
"../../../../../UnrealProjects/BlueprintMultiplayer/Content/Geometry/Meshes/CubeMaterial.uasset" 412
"../../../../../UnrealProjects/BlueprintMultiplayer/Content/Geometry/Meshes/1M_Cube.uasset" 413
"../../../../../UnrealProjects/BlueprintMultiplayer/Content/Geometry/Meshes/1M_Cube_Chamfer.uasset" 414
"../../../../../UnrealProjects/BlueprintMultiplayer/Content/Geometry/Meshes/TemplateFloor.uasset" 415
"../../../../../UnrealProjects/BlueprintMultiplayer/Content/ThirdPerson/Meshes/RampMaterial.uasset" 416
"../../../../../UnrealProjects/BlueprintMultiplayer/Content/ThirdPerson/Meshes/Bump_StaticMesh.uasset" 417
"../../../../../UnrealProjects/BlueprintMultiplayer/Content/ThirdPerson/Meshes/LeftArm_StaticMesh.uasset" 418
"../../../../../UnrealProjects/BlueprintMultiplayer/Content/ThirdPerson/Meshes/Linear_Stair_StaticMesh.uasset" 419
"../../../../../UnrealProjects/BlueprintMultiplayer/Content/ThirdPerson/Meshes/Ramp_StaticMesh.uasset" 420
"../../../../../UnrealProjects/BlueprintMultiplayer/Content/ThirdPerson/Meshes/RightArm_StaticMesh.uasset" 421
"../../../../../UnrealProjects/BlueprintMultiplayer/Content/Maps/Arena_01.umap" 422
"../../../../../UnrealProjects/BlueprintMultiplayer/Content/Maps/Arena_02.umap" 423
"../../../../../UnrealProjects/BlueprintMultiplayer/Content/Blueprints/Lobby/LobbyPC.uasset" 424
"../../../../../UnrealProjects/BlueprintMultiplayer/Content/Blueprints/Lobby/LobbyGM.uasset" 425
"../../../../../UnrealProjects/BlueprintMultiplayer/Content/Maps/Lobby_BuiltData.uasset" 426
"../../../Engine/Content/MapTemplates/SM_Template_Map_Floor.uasset" 427
"../../../../../UnrealProjects/BlueprintMultiplayer/Content/Maps/Lobby.umap" 428
"../../../../../UnrealProjects/BlueprintMultiplayer/Content/Blueprints/AllLevels/PlayerInfo.uasset" 429
"../../../../../UnrealProjects/BlueprintMultiplayer/Content/Blueprints/AllLevels/PlayerSaveGame.uasset" 430
"../../../Engine/Content/EngineFonts/Faces/RobotoTiny.uasset" 431
"../../../Engine/Content/EngineFonts/RobotoTiny.uasset" 432
"../../../Engine/Content/EditorResources/BadPylon.uasset" 433
"../../../Engine/Content/EditorResources/Crowd/T_Crowd_Spline.uasset" 434
"../../../Engine/Content/EditorResources/UnrealEdIcon_PhysAsset.uasset" 435
"../../../Engine/Content/EngineVolumetrics/Fogsheet/T_EV_Fogsheet_FlareColors_01.uasset" 436
"../../../Engine/Content/MobileResources/HUD/AnalogHat.uasset" 437
"../../../Engine/Content/Tutorial/Basics/TutorialAssets/CameraActor_64x.uasset" 438
"../../../Engine/Content/Tutorial/Mobile/TutorialAssets/android_Icon.uasset" 439
"../../../../../UnrealProjects/BlueprintMultiplayer/Content/StarterContent/Textures/T_Statue_M.uasset" 440
"../../../../../UnrealProjects/BlueprintMultiplayer/Content/StarterContent/Textures/T_Wood_Oak_D.uasset" 441
"../../../../../UnrealProjects/BlueprintMultiplayer/Content/UI/MainMenu/OptionsMenu.uasset" 442
"../../../../../UnrealProjects/BlueprintMultiplayer/Content/UI/AllLevels/LoadingScreen.uasset" 443
"../../../../../UnrealProjects/BlueprintMultiplayer/Content/UI/MainMenu/HostMenu.uasset" 444
"../../../../../UnrealProjects/BlueprintMultiplayer/Content/UI/MainMenu/MainMenu.uasset" 445
"../../../../../UnrealProjects/BlueprintMultiplayer/Content/UI/MainMenu/ServerMenu.uasset" 446
"../../../../../UnrealProjects/BlueprintMultiplayer/Content/Blueprints/AllLevels/GameInfoInstance.uasset" 447
"../../../../../UnrealProjects/BlueprintMultiplayer/Content/Maps/MainMenu.umap" 448
"../../../../../UnrealProjects/BlueprintMultiplayer/Content/Maps/Travel.umap" 449
"../../../Engine/Content/BasicShapes/BasicShapeMaterial.uasset" 450
"../../../../../UnrealProjects/BlueprintMultiplayer/Content/PMs/Character/CompleteCharacters/Textures_Materials/CharM_Standard/T_CharM_Standard_Elite_D.uasset" 451
"../../../../../UnrealProjects/BlueprintMultiplayer/Content/PMs/Character/CompleteCharacters/Textures_Materials/CharM_Standard/T_CharM_Standard_Mask.uasset" 452
"../../../../../UnrealProjects/BlueprintMultiplayer/Content/PMs/Character/CompleteCharacters/Textures_Materials/CharM_Standard/T_CharM_Standard_N.uasset" 453
"../../../../../UnrealProjects/BlueprintMultiplayer/Content/PMs/Character/CompleteCharacters/Textures_Materials/CharM_Standard/M_Char_Standard_Elite.uasset" 454
"../../../../../UnrealProjects/BlueprintMultiplayer/Content/PMs/Character/CompleteCharacters/Textures_Materials/CharM_Tusk/T_CharM_Horn_D.uasset" 455
"../../../../../UnrealProjects/BlueprintMultiplayer/Content/PMs/Character/CompleteCharacters/Textures_Materials/CharM_Tusk/M_Char_Horn.uasset" 456
"../../../../../UnrealProjects/BlueprintMultiplayer/Content/PMs/Character/CompleteCharacters/Textures_Materials/CharM_Tusk/T_CharM_Talon_D.uasset" 457
"../../../../../UnrealProjects/BlueprintMultiplayer/Content/PMs/Character/CompleteCharacters/Textures_Materials/CharM_Tusk/M_Char_Talon.uasset" 458
"../../../../../UnrealProjects/BlueprintMultiplayer/Content/PMs/Character/CompleteCharacters/Textures_Materials/CharM_Warrior/T_CharM_Warrior_D.uasset" 459
"../../../../../UnrealProjects/BlueprintMultiplayer/Content/PMs/Character/CompleteCharacters/Textures_Materials/CharM_Warrior/M_Char_Warrior.uasset" 460
"../../../Engine/Content/Functions/Engine_MaterialFunctions01/Density/ExponentialDensity.uasset" 461
"../../../Engine/Content/Functions/Engine_MaterialFunctions01/Gradient/RadialGradientExponential.uasset" 462
"../../../../../UnrealProjects/BlueprintMultiplayer/Content/PMs/Maps/LevelContent/Architecture/T_MeterGrid_01_M.uasset" 463
"../../../../../UnrealProjects/BlueprintMultiplayer/Content/PMs/Maps/LevelContent/Architecture/M_CycWall_01.uasset" 464
"../../../Engine/Content/BasicShapes/Cube.uasset" 465
"../../../Engine/Content/MapTemplates/lut/LUT_Daytime.uasset" 466
"../../../../../UnrealProjects/BlueprintMultiplayer/Content/PMs/Character/CompleteCharacters/Textures_Materials/CharM_Bladed/M_CharM_Bladed.uasset" 467
"../../../../../UnrealProjects/BlueprintMultiplayer/Content/PMs/Character/CompleteCharacters/SK_CharM_Bladed.uasset" 468
"../../../../../UnrealProjects/BlueprintMultiplayer/Content/PMs/Character/CompleteCharacters/Textures_Materials/CharM_Cardboard/Char_M_Cardboard_D.uasset" 469
"../../../../../UnrealProjects/BlueprintMultiplayer/Content/PMs/Character/CompleteCharacters/Textures_Materials/CharM_Cardboard/Char_M_Cardboard_N.uasset" 470
"../../../../../UnrealProjects/BlueprintMultiplayer/Content/PMs/Character/CompleteCharacters/Textures_Materials/CharM_Cardboard/Char_M_Cardboard_Skin_Mask.uasset" 471
"../../../../../UnrealProjects/BlueprintMultiplayer/Content/PMs/Character/CompleteCharacters/Textures_Materials/CharM_Cardboard/M_Char_Cardboard.uasset" 472
"../../../../../UnrealProjects/BlueprintMultiplayer/Content/PMs/Character/CompleteCharacters/SK_CharM_Cardboard.uasset" 473
"../../../../../UnrealProjects/BlueprintMultiplayer/Content/PMs/Character/CompleteCharacters/Textures_Materials/CharM_Golden/T_CharM_Golden_D.uasset" 474
"../../../../../UnrealProjects/BlueprintMultiplayer/Content/PMs/Character/CompleteCharacters/Textures_Materials/CharM_Golden/T_CharM_Golden_Mask.uasset" 475
"../../../../../UnrealProjects/BlueprintMultiplayer/Content/PMs/Character/CompleteCharacters/Textures_Materials/CharM_Golden/T_CharM_Golden_N.uasset" 476
"../../../../../UnrealProjects/BlueprintMultiplayer/Content/PMs/Character/CompleteCharacters/Textures_Materials/CharM_Golden/M_Char_Golden.uasset" 477
"../../../../../UnrealProjects/BlueprintMultiplayer/Content/PMs/Character/CompleteCharacters/SK_CharM_Golden.uasset" 478
"../../../../../UnrealProjects/BlueprintMultiplayer/Content/PMs/Character/CompleteCharacters/Textures_Materials/CharM_Ragged/T_CharM_Ragged_D.uasset" 479
"../../../../../UnrealProjects/BlueprintMultiplayer/Content/PMs/Character/CompleteCharacters/Textures_Materials/CharM_Ragged/T_CharM_Ragged_Elite_Mask.uasset" 480
"../../../../../UnrealProjects/BlueprintMultiplayer/Content/PMs/Character/CompleteCharacters/Textures_Materials/CharM_Ragged/T_CharM_Ragged_N.uasset" 481
"../../../../../UnrealProjects/BlueprintMultiplayer/Content/PMs/Character/CompleteCharacters/Textures_Materials/CharM_Ragged/M_Char_Ragged.uasset" 482
"../../../../../UnrealProjects/BlueprintMultiplayer/Content/PMs/Character/CompleteCharacters/SK_CharM_Ragged0.uasset" 483
"../../../../../UnrealProjects/BlueprintMultiplayer/Content/PMs/Character/CompleteCharacters/Textures_Materials/CharM_Ragged/T_CharM_Ragged_Elite.uasset" 484
"../../../../../UnrealProjects/BlueprintMultiplayer/Content/PMs/Character/CompleteCharacters/Textures_Materials/CharM_Ragged/M_Char_RaggedElite.uasset" 485
"../../../../../UnrealProjects/BlueprintMultiplayer/Content/PMs/Character/CompleteCharacters/SK_CharM_RaggedElite.uasset" 486
"../../../Engine/Content/Functions/Engine_MaterialFunctions02/ExampleContent/Textures/LowResBlurredNoise.uasset" 487
"../../../../../UnrealProjects/BlueprintMultiplayer/Content/PMs/Character/CompleteCharacters/Textures_Materials/CharM_Ram/T_CharM_Ram_B_D.uasset" 488
"../../../../../UnrealProjects/BlueprintMultiplayer/Content/PMs/Character/CompleteCharacters/Textures_Materials/CharM_Ram/T_CharM_Ram_B_Mask.uasset" 489
"../../../../../UnrealProjects/BlueprintMultiplayer/Content/PMs/Character/CompleteCharacters/Textures_Materials/CharM_Ram/T_CharM_Ram_N.uasset" 490
"../../../../../UnrealProjects/BlueprintMultiplayer/Content/PMs/Character/CompleteCharacters/Textures_Materials/CharM_Ram/M_Char_Ram.uasset" 491
"../../../../../UnrealProjects/BlueprintMultiplayer/Content/PMs/Character/CompleteCharacters/SK_CharM_Ram.uasset" 492
"../../../../../UnrealProjects/BlueprintMultiplayer/Content/PMs/Character/CompleteCharacters/Textures_Materials/CharM_Shell/T_CharM_Shell_D.uasset" 493
"../../../../../UnrealProjects/BlueprintMultiplayer/Content/PMs/Character/CompleteCharacters/Textures_Materials/CharM_Shell/T_CharM_Shell_Mask.uasset" 494
"../../../../../UnrealProjects/BlueprintMultiplayer/Content/PMs/Character/CompleteCharacters/Textures_Materials/CharM_Shell/T_CharM_Shell_N.uasset" 495
"../../../../../UnrealProjects/BlueprintMultiplayer/Content/PMs/Character/CompleteCharacters/Textures_Materials/CharM_Shell/M_Char_Shell.uasset" 496
"../../../../../UnrealProjects/BlueprintMultiplayer/Content/PMs/Character/CompleteCharacters/SK_CharM_Shell.uasset" 497
"../../../../../UnrealProjects/BlueprintMultiplayer/Content/PMs/Character/CompleteCharacters/Textures_Materials/CharM_solid/T_CharM_solid_D.uasset" 498
"../../../../../UnrealProjects/BlueprintMultiplayer/Content/PMs/Character/CompleteCharacters/Textures_Materials/CharM_solid/T_CharM_solid_Mask.uasset" 499
"../../../../../UnrealProjects/BlueprintMultiplayer/Content/PMs/Character/CompleteCharacters/Textures_Materials/CharM_solid/T_CharM_solid_N.uasset" 500
"../../../../../UnrealProjects/BlueprintMultiplayer/Content/PMs/Character/CompleteCharacters/Textures_Materials/CharM_solid/M_Char_Solid.uasset" 501
"../../../../../UnrealProjects/BlueprintMultiplayer/Content/PMs/Character/CompleteCharacters/SK_CharM_solid.uasset" 502
"../../../../../UnrealProjects/BlueprintMultiplayer/Content/PMs/Character/CompleteCharacters/Textures_Materials/CharM_Standard/T_CharM_Standard_D.uasset" 503
"../../../../../UnrealProjects/BlueprintMultiplayer/Content/PMs/Character/CompleteCharacters/Textures_Materials/CharM_Standard/M_Char_Standard.uasset" 504
"../../../../../UnrealProjects/BlueprintMultiplayer/Content/PMs/Character/CompleteCharacters/SK_CharM_Standard.uasset" 505
"../../../../../UnrealProjects/BlueprintMultiplayer/Content/PMs/Maps/LevelContent/Architecture/M_1Meter_01.uasset" 506
"../../../../../UnrealProjects/BlueprintMultiplayer/Content/PMs/Maps/LevelContent/Architecture/SM_1Meter_01.uasset" 507
"../../../../../UnrealProjects/BlueprintMultiplayer/Content/PMs/Maps/LevelContent/Architecture/M_CycRoom_01.uasset" 508
"../../../../../UnrealProjects/BlueprintMultiplayer/Content/PMs/Maps/LevelContent/Architecture/SM_CycRoom_01.uasset" 509
"../../../../../UnrealProjects/BlueprintMultiplayer/Content/PMs/Maps/LevelContent/HDRI/HDRI_Epic_Courtyard_Daylight.uasset" 510
"../../../../../UnrealProjects/BlueprintMultiplayer/Content/PMs/Maps/Overview.umap" 511
"../../../../../UnrealProjects/BlueprintMultiplayer/Content/StarterContent/Blueprints/Assets/FogBrightnessLUT.uasset" 512
"../../../../../UnrealProjects/BlueprintMultiplayer/Content/StarterContent/Blueprints/Assets/SunlightColorLUT.uasset" 513
"../../../../../UnrealProjects/BlueprintMultiplayer/Content/StarterContent/Blueprints/Assets/M_LightStage_Arrows.uasset" 514
"../../../Engine/Content/MapTemplates/Sky/DaylightAmbientCubemap.uasset" 515
"../../../../../UnrealProjects/BlueprintMultiplayer/Content/StarterContent/Blueprints/Assets/M_LightStage_Skybox_Master.uasset" 516
"../../../../../UnrealProjects/BlueprintMultiplayer/Content/StarterContent/Blueprints/Assets/M_LightStage_Skybox_Black.uasset" 517
"../../../../../UnrealProjects/BlueprintMultiplayer/Content/StarterContent/Blueprints/Assets/M_LightStage_Skybox_HDRI.uasset" 518
"../../../Engine/Content/EditorMaterials/Thumbnails/SkySphereMaterial.uasset" 519
"../../../../../UnrealProjects/BlueprintMultiplayer/Content/StarterContent/Blueprints/Assets/Skybox.uasset" 520
"../../../../../UnrealProjects/BlueprintMultiplayer/Content/StarterContent/Blueprints/Assets/SM_Arrows.uasset" 521
"../../../../../UnrealProjects/BlueprintMultiplayer/Content/StarterContent/HDRI/HDRI_Epic_Courtyard_Daylight.uasset" 522
"../../../../../UnrealProjects/BlueprintMultiplayer/Content/StarterContent/Blueprints/BP_LightStudio.uasset" 523
"../../../../../UnrealProjects/BlueprintMultiplayer/Content/StarterContent/Maps/Advanced_Lighting_BuiltData.uasset" 524
"../../../../../UnrealProjects/BlueprintMultiplayer/Content/StarterContent/Materials/M_AssetPlatform.uasset" 525
"../../../Engine/Content/EditorMeshes/ColorCalibrator/M_ChromeBall.uasset" 526
"../../../Engine/Content/EditorMeshes/ColorCalibrator/M_ClearCoat.uasset" 527
"../../../Engine/Content/EditorMeshes/ColorCalibrator/M_ClearCoatBlack.uasset" 528
"../../../Engine/Content/EditorMeshes/ColorCalibrator/Color_checker.uasset" 529
"../../../Engine/Content/EditorMeshes/ColorCalibrator/M_ColorGrid.uasset" 530
"../../../Engine/Content/EditorMeshes/ColorCalibrator/M_GreyBall.uasset" 531
"../../../Engine/Content/EditorMeshes/ColorCalibrator/SM_ColorCalibrator.uasset" 532
"../../../../../UnrealProjects/BlueprintMultiplayer/Content/StarterContent/Architecture/SM_AssetPlatform.uasset" 533
"../../../../../UnrealProjects/BlueprintMultiplayer/Content/StarterContent/Maps/Advanced_Lighting.umap" 534
"../../../../../UnrealProjects/BlueprintMultiplayer/Content/StarterContent/Maps/Minimal_Default_BuiltData.uasset" 535
"../../../../../UnrealProjects/BlueprintMultiplayer/Content/StarterContent/Textures/T_MacroVariation.uasset" 536
"../../../../../UnrealProjects/BlueprintMultiplayer/Content/StarterContent/Materials/M_Metal_Brushed_Nickel.uasset" 537
"../../../../../UnrealProjects/BlueprintMultiplayer/Content/StarterContent/Textures/T_Metal_Aluminum_D.uasset" 538
"../../../../../UnrealProjects/BlueprintMultiplayer/Content/StarterContent/Textures/T_Metal_Gold_N.uasset" 539
"../../../../../UnrealProjects/BlueprintMultiplayer/Content/StarterContent/Materials/M_Metal_Burnished_Steel.uasset" 540
"../../../../../UnrealProjects/BlueprintMultiplayer/Content/StarterContent/Textures/T_Metal_Copper_D.uasset" 541
"../../../../../UnrealProjects/BlueprintMultiplayer/Content/StarterContent/Materials/M_Metal_Copper.uasset" 542
"../../../../../UnrealProjects/BlueprintMultiplayer/Content/StarterContent/Textures/T_Statue_N.uasset" 543
"../../../../../UnrealProjects/BlueprintMultiplayer/Content/StarterContent/Props/Materials/M_StatueGlass.uasset" 544
"../../../../../UnrealProjects/BlueprintMultiplayer/Content/StarterContent/Architecture/Floor_400x400.uasset" 545
"../../../../../UnrealProjects/BlueprintMultiplayer/Content/StarterContent/Audio/Starter_Background_Cue.uasset" 546
"../../../../../UnrealProjects/BlueprintMultiplayer/Content/StarterContent/Props/SM_Chair.uasset" 547
"../../../../../UnrealProjects/BlueprintMultiplayer/Content/StarterContent/Props/Materials/M_Statue.uasset" 548
"../../../../../UnrealProjects/BlueprintMultiplayer/Content/StarterContent/Props/SM_Statue.uasset" 549
"../../../../../UnrealProjects/BlueprintMultiplayer/Content/StarterContent/Textures/T_TableRound_M.uasset" 550
"../../../../../UnrealProjects/BlueprintMultiplayer/Content/StarterContent/Textures/T_TableRound_N.uasset" 551
"../../../../../UnrealProjects/BlueprintMultiplayer/Content/StarterContent/Props/Materials/M_TableRound.uasset" 552
"../../../../../UnrealProjects/BlueprintMultiplayer/Content/StarterContent/Props/SM_TableRound.uasset" 553
"../../../../../UnrealProjects/BlueprintMultiplayer/Content/StarterContent/Maps/Minimal_Default.umap" 554
"../../../../../UnrealProjects/BlueprintMultiplayer/Content/StarterContent/Audio/Fire01_Cue.uasset" 555
"../../../../../UnrealProjects/BlueprintMultiplayer/Content/StarterContent/Textures/T_Fire_SubUV.uasset" 556
"../../../../../UnrealProjects/BlueprintMultiplayer/Content/StarterContent/Textures/T_Fire_Tiled_D.uasset" 557
"../../../../../UnrealProjects/BlueprintMultiplayer/Content/StarterContent/Particles/Materials/M_Fire_SubUV.uasset" 558
"../../../../../UnrealProjects/BlueprintMultiplayer/Content/StarterContent/Textures/T_Water_N.uasset" 559
"../../../../../UnrealProjects/BlueprintMultiplayer/Content/StarterContent/Particles/Materials/M_Heat_Distortion.uasset" 560
"../../../../../UnrealProjects/BlueprintMultiplayer/Content/StarterContent/Particles/Materials/M_Radial_Gradient.uasset" 561
"../../../../../UnrealProjects/BlueprintMultiplayer/Content/StarterContent/Particles/P_Fire.uasset" 562
"../../../../../UnrealProjects/BlueprintMultiplayer/Content/StarterContent/Blueprints/Blueprint_Effect_Fire.uasset" 563
"../../../../../UnrealProjects/BlueprintMultiplayer/Content/StarterContent/Audio/Smoke01_Cue.uasset" 564
"../../../../../UnrealProjects/BlueprintMultiplayer/Content/StarterContent/Particles/P_Smoke.uasset" 565
"../../../../../UnrealProjects/BlueprintMultiplayer/Content/StarterContent/Blueprints/Blueprint_Effect_Smoke.uasset" 566
"../../../../../UnrealProjects/BlueprintMultiplayer/Content/StarterContent/Audio/Fire_Sparks01_Cue.uasset" 567
"../../../../../UnrealProjects/BlueprintMultiplayer/Content/StarterContent/Textures/T_Spark_Core.uasset" 568
"../../../../../UnrealProjects/BlueprintMultiplayer/Content/StarterContent/Particles/Materials/M_Spark.uasset" 569
"../../../../../UnrealProjects/BlueprintMultiplayer/Content/StarterContent/Particles/P_Sparks.uasset" 570
"../../../../../UnrealProjects/BlueprintMultiplayer/Content/StarterContent/Blueprints/Blueprint_Effect_Sparks.uasset" 571
"../../../../../UnrealProjects/BlueprintMultiplayer/Content/StarterContent/Audio/Steam01_Cue.uasset" 572
"../../../../../UnrealProjects/BlueprintMultiplayer/Content/StarterContent/Particles/P_Steam_Lit.uasset" 573
"../../../../../UnrealProjects/BlueprintMultiplayer/Content/StarterContent/Blueprints/Blueprint_Effect_Steam.uasset" 574
"../../../../../UnrealProjects/BlueprintMultiplayer/Content/StarterContent/Textures/T_Lamp_M.uasset" 575
"../../../../../UnrealProjects/BlueprintMultiplayer/Content/StarterContent/Textures/T_Lamp_N.uasset" 576
"../../../../../UnrealProjects/BlueprintMultiplayer/Content/StarterContent/Props/Materials/M_Lamp.uasset" 577
"../../../../../UnrealProjects/BlueprintMultiplayer/Content/StarterContent/Props/SM_Lamp_Ceiling.uasset" 578
"../../../../../UnrealProjects/BlueprintMultiplayer/Content/StarterContent/Blueprints/Blueprint_CeilingLight.uasset" 579
"../../../../../UnrealProjects/BlueprintMultiplayer/Content/StarterContent/Props/SM_Lamp_Wall.uasset" 580
"../../../../../UnrealProjects/BlueprintMultiplayer/Content/StarterContent/Blueprints/Blueprint_WallSconce.uasset" 581
"../../../../../UnrealProjects/BlueprintMultiplayer/Content/StarterContent/Maps/StarterMap_BuiltData.uasset" 582
"../../../Engine/Content/Functions/Engine_MaterialFunctions03/Procedurals/ComputeFilterWidth.uasset" 583
"../../../Engine/Content/EngineMaterials/AntiAliasedTextMaterialTranslucent.uasset" 584
"../../../../../UnrealProjects/BlueprintMultiplayer/Content/StarterContent/Textures/T_Brick_Clay_Beveled_D.uasset" 585
"../../../../../UnrealProjects/BlueprintMultiplayer/Content/StarterContent/Textures/T_Brick_Clay_Beveled_M.uasset" 586
"../../../../../UnrealProjects/BlueprintMultiplayer/Content/StarterContent/Textures/T_Brick_Clay_Beveled_N.uasset" 587
"../../../../../UnrealProjects/BlueprintMultiplayer/Content/StarterContent/Materials/M_Brick_Clay_Beveled.uasset" 588
"../../../../../UnrealProjects/BlueprintMultiplayer/Content/StarterContent/Textures/T_Brick_Clay_New_D.uasset" 589
"../../../../../UnrealProjects/BlueprintMultiplayer/Content/StarterContent/Textures/T_Brick_Clay_New_M.uasset" 590
"../../../../../UnrealProjects/BlueprintMultiplayer/Content/StarterContent/Textures/T_Brick_Clay_New_N.uasset" 591
"../../../../../UnrealProjects/BlueprintMultiplayer/Content/StarterContent/Materials/M_Brick_Clay_New.uasset" 592
"../../../../../UnrealProjects/BlueprintMultiplayer/Content/StarterContent/Textures/T_Brick_Clay_Old_D.uasset" 593
"../../../../../UnrealProjects/BlueprintMultiplayer/Content/StarterContent/Textures/T_Brick_Clay_Old_N.uasset" 594
"../../../../../UnrealProjects/BlueprintMultiplayer/Content/StarterContent/Textures/T_Perlin_Noise_M.uasset" 595
"../../../../../UnrealProjects/BlueprintMultiplayer/Content/StarterContent/Materials/M_Brick_Clay_Old.uasset" 596
"../../../../../UnrealProjects/BlueprintMultiplayer/Content/StarterContent/Textures/T_Brick_Cut_Stone_D.uasset" 597
"../../../../../UnrealProjects/BlueprintMultiplayer/Content/StarterContent/Textures/T_Brick_Cut_Stone_N.uasset" 598
"../../../../../UnrealProjects/BlueprintMultiplayer/Content/StarterContent/Materials/M_Brick_Cut_Stone.uasset" 599
"../../../../../UnrealProjects/BlueprintMultiplayer/Content/StarterContent/Textures/T_Brick_Hewn_Stone_D.uasset" 600
"../../../../../UnrealProjects/BlueprintMultiplayer/Content/StarterContent/Textures/T_Brick_Hewn_Stone_M.uasset" 601
"../../../../../UnrealProjects/BlueprintMultiplayer/Content/StarterContent/Textures/T_Brick_Hewn_Stone_N.uasset" 602
"../../../../../UnrealProjects/BlueprintMultiplayer/Content/StarterContent/Materials/M_Brick_Hewn_Stone.uasset" 603
"../../../../../UnrealProjects/BlueprintMultiplayer/Content/StarterContent/Textures/T_Ceramic_Tile_M.uasset" 604
"../../../../../UnrealProjects/BlueprintMultiplayer/Content/StarterContent/Textures/T_Ceramic_Tile_N.uasset" 605
"../../../../../UnrealProjects/BlueprintMultiplayer/Content/StarterContent/Textures/T_Rock_Marble_Polished_D.uasset" 606
"../../../../../UnrealProjects/BlueprintMultiplayer/Content/StarterContent/Materials/M_Ceramic_Tile_Checker.uasset" 607
"../../../../../UnrealProjects/BlueprintMultiplayer/Content/StarterContent/Textures/T_CobbleStone_Pebble_D.uasset" 608
"../../../../../UnrealProjects/BlueprintMultiplayer/Content/StarterContent/Textures/T_CobbleStone_Pebble_M.uasset" 609
"../../../../../UnrealProjects/BlueprintMultiplayer/Content/StarterContent/Textures/T_CobbleStone_Pebble_N.uasset" 610
"../../../../../UnrealProjects/BlueprintMultiplayer/Content/StarterContent/Materials/M_CobbleStone_Pebble.uasset" 611
"../../../../../UnrealProjects/BlueprintMultiplayer/Content/StarterContent/Textures/T_CobbleStone_Rough_D.uasset" 612
"../../../../../UnrealProjects/BlueprintMultiplayer/Content/StarterContent/Textures/T_CobbleStone_Rough_N.uasset" 613
"../../../../../UnrealProjects/BlueprintMultiplayer/Content/StarterContent/Textures/T_Gradinet_01.uasset" 614
"../../../../../UnrealProjects/BlueprintMultiplayer/Content/StarterContent/Textures/T_Rock_Smooth_Granite_D.uasset" 615
"../../../../../UnrealProjects/BlueprintMultiplayer/Content/StarterContent/Materials/M_CobbleStone_Rough.uasset" 616
"../../../../../UnrealProjects/BlueprintMultiplayer/Content/StarterContent/Textures/T_CobbleStone_Smooth_D.uasset" 617
"../../../../../UnrealProjects/BlueprintMultiplayer/Content/StarterContent/Textures/T_CobbleStone_Smooth_M.uasset" 618
"../../../../../UnrealProjects/BlueprintMultiplayer/Content/StarterContent/Textures/T_CobbleStone_Smooth_N.uasset" 619
"../../../../../UnrealProjects/BlueprintMultiplayer/Content/StarterContent/Materials/M_CobbleStone_Smooth.uasset" 620
"../../../../../UnrealProjects/BlueprintMultiplayer/Content/StarterContent/Textures/T_Concrete_Grime_D.uasset" 621
"../../../../../UnrealProjects/BlueprintMultiplayer/Content/StarterContent/Textures/T_Metal_Rust_N.uasset" 622
"../../../../../UnrealProjects/BlueprintMultiplayer/Content/StarterContent/Materials/M_Concrete_Grime.uasset" 623
"../../../../../UnrealProjects/BlueprintMultiplayer/Content/StarterContent/Textures/T_Concrete_Panels_D.uasset" 624
"../../../../../UnrealProjects/BlueprintMultiplayer/Content/StarterContent/Textures/T_Concrete_Panels_N.uasset" 625
"../../../../../UnrealProjects/BlueprintMultiplayer/Content/StarterContent/Materials/M_Concrete_Panels.uasset" 626
"../../../../../UnrealProjects/BlueprintMultiplayer/Content/StarterContent/Textures/T_Concrete_Poured_D.uasset" 627
"../../../../../UnrealProjects/BlueprintMultiplayer/Content/StarterContent/Textures/T_Concrete_Poured_N.uasset" 628
"../../../../../UnrealProjects/BlueprintMultiplayer/Content/StarterContent/Materials/M_Concrete_Poured.uasset" 629
"../../../../../UnrealProjects/BlueprintMultiplayer/Content/StarterContent/Textures/T_Concrete_Tiles_D.uasset" 630
"../../../../../UnrealProjects/BlueprintMultiplayer/Content/StarterContent/Textures/T_Concrete_Tiles_M.uasset" 631
"../../../../../UnrealProjects/BlueprintMultiplayer/Content/StarterContent/Textures/T_Concrete_Tiles_N.uasset" 632
"../../../../../UnrealProjects/BlueprintMultiplayer/Content/StarterContent/Textures/T_Concrete_Tiles_Variation_M.uasset" 633
"../../../../../UnrealProjects/BlueprintMultiplayer/Content/StarterContent/Materials/M_Concrete_Tiles.uasset" 634
"../../../../../UnrealProjects/BlueprintMultiplayer/Content/StarterContent/Textures/T_Ground_Grass_D.uasset" 635
"../../../../../UnrealProjects/BlueprintMultiplayer/Content/StarterContent/Textures/T_Ground_Grass_N.uasset" 636
"../../../../../UnrealProjects/BlueprintMultiplayer/Content/StarterContent/Materials/M_Ground_Grass.uasset" 637
"../../../../../UnrealProjects/BlueprintMultiplayer/Content/StarterContent/Textures/T_Ground_Gravel_D.uasset" 638
"../../../../../UnrealProjects/BlueprintMultiplayer/Content/StarterContent/Textures/T_Ground_Gravel_N.uasset" 639
"../../../../../UnrealProjects/BlueprintMultiplayer/Content/StarterContent/Materials/M_Ground_Gravel.uasset" 640
"../../../../../UnrealProjects/BlueprintMultiplayer/Content/StarterContent/Textures/T_ground_Moss_D.uasset" 641
"../../../../../UnrealProjects/BlueprintMultiplayer/Content/StarterContent/Textures/T_Ground_Moss_N.uasset" 642
"../../../../../UnrealProjects/BlueprintMultiplayer/Content/StarterContent/Materials/M_Ground_Moss.uasset" 643
"../../../../../UnrealProjects/BlueprintMultiplayer/Content/StarterContent/Materials/M_Metal_Chrome.uasset" 644
"../../../../../UnrealProjects/BlueprintMultiplayer/Content/StarterContent/Textures/T_Metal_Gold_D.uasset" 645
"../../../../../UnrealProjects/BlueprintMultiplayer/Content/StarterContent/Materials/M_Metal_Gold.uasset" 646
"../../../../../UnrealProjects/BlueprintMultiplayer/Content/StarterContent/Textures/T_Metal_Rust_D.uasset" 647
"../../../../../UnrealProjects/BlueprintMultiplayer/Content/StarterContent/Materials/M_Metal_Rust.uasset" 648
"../../../../../UnrealProjects/BlueprintMultiplayer/Content/StarterContent/Textures/T_Metal_Steel_D.uasset" 649
"../../../../../UnrealProjects/BlueprintMultiplayer/Content/StarterContent/Textures/T_Metal_Steel_N.uasset" 650
"../../../../../UnrealProjects/BlueprintMultiplayer/Content/StarterContent/Materials/M_Metal_Steel.uasset" 651
"../../../../../UnrealProjects/BlueprintMultiplayer/Content/StarterContent/Textures/T_Rock_Basalt_N.uasset" 652
"../../../../../UnrealProjects/BlueprintMultiplayer/Content/StarterContent/Materials/M_Rock_Basalt.uasset" 653
"../../../../../UnrealProjects/BlueprintMultiplayer/Content/StarterContent/Materials/M_Rock_Marble_Polished.uasset" 654
"../../../../../UnrealProjects/BlueprintMultiplayer/Content/StarterContent/Textures/T_Rock_Sandstone_D.uasset" 655
"../../../../../UnrealProjects/BlueprintMultiplayer/Content/StarterContent/Textures/T_Rock_Sandstone_N.uasset" 656
"../../../../../UnrealProjects/BlueprintMultiplayer/Content/StarterContent/Materials/M_Rock_Sandstone.uasset" 657
"../../../../../UnrealProjects/BlueprintMultiplayer/Content/StarterContent/Textures/T_Rock_Slate_D.uasset" 658
"../../../../../UnrealProjects/BlueprintMultiplayer/Content/StarterContent/Textures/T_Rock_Slate_N.uasset" 659
"../../../../../UnrealProjects/BlueprintMultiplayer/Content/StarterContent/Materials/M_Rock_Slate.uasset" 660
"../../../../../UnrealProjects/BlueprintMultiplayer/Content/StarterContent/Textures/T_Checker_Noise_M.uasset" 661
"../../../../../UnrealProjects/BlueprintMultiplayer/Content/StarterContent/Textures/T_Single_Tile_N.uasset" 662
"../../../../../UnrealProjects/BlueprintMultiplayer/Content/StarterContent/Textures/T_Tech_Dot_M.uasset" 663
"../../../../../UnrealProjects/BlueprintMultiplayer/Content/StarterContent/Textures/T_Tech_Dot_N.uasset" 664
"../../../../../UnrealProjects/BlueprintMultiplayer/Content/StarterContent/Materials/M_Tech_Checker_Dot.uasset" 665
"../../../../../UnrealProjects/BlueprintMultiplayer/Content/StarterContent/Textures/T_Tech_Hex_Tile_M.uasset" 666
"../../../../../UnrealProjects/BlueprintMultiplayer/Content/StarterContent/Textures/T_Tech_Hex_Tile_N.uasset" 667
"../../../../../UnrealProjects/BlueprintMultiplayer/Content/StarterContent/Materials/M_Tech_Hex_Tile.uasset" 668
"../../../../../UnrealProjects/BlueprintMultiplayer/Content/StarterContent/Materials/M_Tech_Hex_Tile_Pulse.uasset" 669
"../../../../../UnrealProjects/BlueprintMultiplayer/Content/StarterContent/Textures/T_Tech_Panel_M.uasset" 670
"../../../../../UnrealProjects/BlueprintMultiplayer/Content/StarterContent/Textures/T_Tech_Panel_N.uasset" 671
"../../../../../UnrealProjects/BlueprintMultiplayer/Content/StarterContent/Materials/M_Tech_Panel.uasset" 672
"../../../../../UnrealProjects/BlueprintMultiplayer/Content/StarterContent/Materials/M_Water_Lake.uasset" 673
"../../../../../UnrealProjects/BlueprintMultiplayer/Content/StarterContent/Textures/T_Water_M.uasset" 674
"../../../../../UnrealProjects/BlueprintMultiplayer/Content/StarterContent/Materials/M_Water_Ocean.uasset" 675
"../../../../../UnrealProjects/BlueprintMultiplayer/Content/StarterContent/Textures/T_Wood_Floor_Walnut_D.uasset" 676
"../../../../../UnrealProjects/BlueprintMultiplayer/Content/StarterContent/Textures/T_Wood_Floor_Walnut_M.uasset" 677
"../../../../../UnrealProjects/BlueprintMultiplayer/Content/StarterContent/Textures/T_Wood_Floor_Walnut_N.uasset" 678
"../../../../../UnrealProjects/BlueprintMultiplayer/Content/StarterContent/Materials/M_Wood_Floor_Walnut_Polished.uasset" 679
"../../../Engine/Content/Functions/Engine_MaterialFunctions01/Opacity/AlphaOffset.uasset" 680
"../../../../../UnrealProjects/BlueprintMultiplayer/Content/StarterContent/Materials/M_Wood_Floor_Walnut_Worn.uasset" 681
"../../../../../UnrealProjects/BlueprintMultiplayer/Content/StarterContent/Textures/T_Wood_Oak_N.uasset" 682
"../../../../../UnrealProjects/BlueprintMultiplayer/Content/StarterContent/Materials/M_Wood_Oak.uasset" 683
"../../../../../UnrealProjects/BlueprintMultiplayer/Content/StarterContent/Textures/T_Wood_Pine_D.uasset" 684
"../../../../../UnrealProjects/BlueprintMultiplayer/Content/StarterContent/Textures/T_Wood_Pine_N.uasset" 685
"../../../../../UnrealProjects/BlueprintMultiplayer/Content/StarterContent/Materials/M_Wood_Pine.uasset" 686
"../../../../../UnrealProjects/BlueprintMultiplayer/Content/StarterContent/Textures/T_Wood_Walnut_D.uasset" 687
"../../../../../UnrealProjects/BlueprintMultiplayer/Content/StarterContent/Textures/T_Wood_Walnut_N.uasset" 688
"../../../../../UnrealProjects/BlueprintMultiplayer/Content/StarterContent/Materials/M_Wood_Walnut.uasset" 689
"../../../../../UnrealProjects/BlueprintMultiplayer/Content/StarterContent/Architecture/Wall_400x200.uasset" 690
"../../../../../UnrealProjects/BlueprintMultiplayer/Content/StarterContent/Architecture/Wall_Door_400x300.uasset" 691
"../../../../../UnrealProjects/BlueprintMultiplayer/Content/StarterContent/Architecture/Wall_Window_400x300.uasset" 692
"../../../../../UnrealProjects/BlueprintMultiplayer/Content/StarterContent/Audio/Collapse_Cue.uasset" 693
"../../../../../UnrealProjects/BlueprintMultiplayer/Content/StarterContent/Audio/Starter_Music_Cue.uasset" 694
"../../../../../UnrealProjects/BlueprintMultiplayer/Content/StarterContent/Textures/T_Dust_Particle_D.uasset" 695
"../../../../../UnrealProjects/BlueprintMultiplayer/Content/StarterContent/Particles/Materials/M_Dust_Particle.uasset" 696
"../../../../../UnrealProjects/BlueprintMultiplayer/Content/StarterContent/Particles/P_Ambient_Dust.uasset" 697
"../../../../../UnrealProjects/BlueprintMultiplayer/Content/StarterContent/Props/MaterialSphere.uasset" 698
"../../../../../UnrealProjects/BlueprintMultiplayer/Content/StarterContent/Textures/T_Frame_M.uasset" 699
"../../../../../UnrealProjects/BlueprintMultiplayer/Content/StarterContent/Textures/T_Frame_N.uasset" 700
"../../../../../UnrealProjects/BlueprintMultiplayer/Content/StarterContent/Props/Materials/M_Frame.uasset" 701
"../../../../../UnrealProjects/BlueprintMultiplayer/Content/StarterContent/Props/SM_CornerFrame.uasset" 702
"../../../../../UnrealProjects/BlueprintMultiplayer/Content/StarterContent/Props/SM_DoorFrame.uasset" 703
"../../../../../UnrealProjects/BlueprintMultiplayer/Content/StarterContent/Props/SM_GlassWindow.uasset" 704
"../../../../../UnrealProjects/BlueprintMultiplayer/Content/StarterContent/Props/SM_PillarFrame.uasset" 705
"../../../../../UnrealProjects/BlueprintMultiplayer/Content/StarterContent/Props/SM_PillarFrame300.uasset" 706
"../../../../../UnrealProjects/BlueprintMultiplayer/Content/StarterContent/Props/SM_WindowFrame.uasset" 707
"../../../../../UnrealProjects/BlueprintMultiplayer/Content/StarterContent/Shapes/Shape_Cube.uasset" 708
"../../../../../UnrealProjects/BlueprintMultiplayer/Content/StarterContent/Shapes/Shape_QuadPyramid.uasset" 709
"../../../../../UnrealProjects/BlueprintMultiplayer/Content/StarterContent/Shapes/Shape_Sphere.uasset" 710
"../../../../../UnrealProjects/BlueprintMultiplayer/Content/StarterContent/Maps/StarterMap.umap" 711
"../../../../../UnrealProjects/BlueprintMultiplayer/Content/ThirdPersonBP/Maps/ThirdPersonExampleMap_BuiltData.uasset" 712
"../../../../../UnrealProjects/BlueprintMultiplayer/Content/ThirdPersonBP/Maps/ThirdPersonExampleMap.umap" 713
